  MainMenu.cpp
D:\vs coding\DSA final Project\DSA final Project\Source.h(196,15): warning C4244: 'argument': conversion from 'time_t' to 'unsigned int', possible loss of data
D:\vs coding\DSA final Project\DSA final Project\Source.h(216,38): warning C4244: 'argument': conversion from 'int' to 'float', possible loss of data
D:\vs coding\DSA final Project\DSA final Project\Source.h(221,38): warning C4244: 'argument': conversion from 'int' to 'float', possible loss of data
D:\vs coding\DSA final Project\DSA final Project\Source.h(240,28): warning C4305: 'initializing': truncation from 'double' to 'float'
D:\vs coding\DSA final Project\DSA final Project\Source.h(424,50): warning C4244: 'argument': conversion from 'int' to 'float', possible loss of data
D:\vs coding\DSA final Project\DSA final Project\Source.h(424,37): warning C4244: 'argument': conversion from 'int' to 'float', possible loss of data
D:\vs coding\DSA final Project\DSA final Project\Source.h(431,47): warning C4244: 'argument': conversion from 'int' to 'float', possible loss of data
D:\vs coding\DSA final Project\DSA final Project\Source.h(431,36): warning C4244: 'argument': conversion from 'int' to 'float', possible loss of data
D:\vs coding\DSA final Project\DSA final Project\Source.h(437,42): warning C4244: 'argument': conversion from 'int' to 'float', possible loss of data
D:\vs coding\DSA final Project\DSA final Project\Source.h(437,29): warning C4244: 'argument': conversion from 'int' to 'float', possible loss of data
D:\vs coding\DSA final Project\DSA final Project\Source.h(448,35): warning C4244: 'argument': conversion from 'int' to 'float', possible loss of data
D:\vs coding\DSA final Project\DSA final Project\MainMenu.cpp(96,55): warning C4244: 'argument': conversion from 'T' to 'float', possible loss of data
D:\vs coding\DSA final Project\DSA final Project\MainMenu.cpp(96,55): warning C4244:         with
D:\vs coding\DSA final Project\DSA final Project\MainMenu.cpp(96,55): warning C4244:         [
D:\vs coding\DSA final Project\DSA final Project\MainMenu.cpp(96,55): warning C4244:             T=unsigned int
D:\vs coding\DSA final Project\DSA final Project\MainMenu.cpp(96,55): warning C4244:         ]
D:\vs coding\DSA final Project\DSA final Project\MainMenu.cpp(96,37): warning C4244: 'argument': conversion from 'T' to 'float', possible loss of data
D:\vs coding\DSA final Project\DSA final Project\MainMenu.cpp(96,37): warning C4244:         with
D:\vs coding\DSA final Project\DSA final Project\MainMenu.cpp(96,37): warning C4244:         [
D:\vs coding\DSA final Project\DSA final Project\MainMenu.cpp(96,37): warning C4244:             T=unsigned int
D:\vs coding\DSA final Project\DSA final Project\MainMenu.cpp(96,37): warning C4244:         ]
  Generating code
  2 of 130 functions ( 1.5%) were compiled, the rest were copied from previous compilation.
    0 functions were new in current compilation
    0 functions had inline decision re-evaluated but remain unchanged
  Finished generating code
  DSA final Project.vcxproj -> D:\vs coding\DSA final Project\x64\Release\DSA final Project.exe
